[2024-09-01 16:23:25] [ INFO ] [BD:41] Estamos creando la tabla odontologos
[2024-09-01 16:23:25] [ INFO ] [BD:44] Estamos insertando un odontologo en la tabla odontologos
[2024-09-01 23:20:11] [ INFO ] [BD:43] Se está creando la tabla pacientes
[2024-09-01 23:20:11] [ INFO ] [BD:45] Se está creando la tabla odontologos
[2024-09-01 23:20:11] [ INFO ] [BD:50] Se insertó un odontologo a la tabla correspondiente
[2024-09-01 23:20:11] [ INFO ] [BD:53] Se insertó un paciente a la tabla correspondiente
[2024-09-01 23:20:11] [ INFO ] [BD:61] Se crearon las tablas correspondientes, se cerró la conexión a la BD
[2024-09-01 23:22:41] [ INFO ] [ImplPacienteH2:63] Se inicia la consulta de todos los odontólogos
[2024-09-01 23:22:41] [ INFO ] [ImplPacienteH2:75] Odontólogo con el id 1 agregado a la consulta
[2024-09-01 23:22:41] [ INFO ] [ImplPacienteH2:83] Consuta exitosa de todos los pacientes
[2024-09-01 23:22:57] [ INFO ] [ImplPacienteH2:68] Se inicia la consulta de todos los pacientes
[2024-09-01 23:22:57] [ INFO ] [ImplPacienteH2:82] Paciente con el id 1 agregado a la consulta
[2024-09-01 23:22:57] [ INFO ] [ImplPacienteH2:89] Consuta exitosa de todos los pacientes
[2024-09-01 23:24:22] [ INFO ] [BD:43] Se está creando la tabla pacientes
[2024-09-01 23:24:22] [ INFO ] [BD:45] Se está creando la tabla odontologos
[2024-09-01 23:24:22] [ INFO ] [BD:50] Se insertó un odontologo a la tabla correspondiente
[2024-09-01 23:24:22] [ INFO ] [BD:53] Se insertó un paciente a la tabla correspondiente
[2024-09-01 23:24:22] [ INFO ] [BD:61] Se crearon las tablas correspondientes, se cerró la conexión a la BD
[2024-09-01 23:24:32] [ INFO ] [ImplPacienteH2:104] Se inicia la consulta del paciente con id 1
[2024-09-01 23:24:32] [ INFO ] [ImplPacienteH2:125] Consulta exitosa el paciente con id: 1
[2024-09-01 23:25:29] [ INFO ] [ImplPacienteH2:104] Se inicia la consulta del paciente con id 1
[2024-09-01 23:25:30] [ INFO ] [ImplPacienteH2:125] Consulta exitosa el paciente con id: 1
[2024-09-01 23:25:53] [ INFO ] [BD:43] Se está creando la tabla pacientes
[2024-09-01 23:25:53] [ INFO ] [BD:45] Se está creando la tabla odontologos
[2024-09-01 23:25:53] [ INFO ] [BD:50] Se insertó un odontologo a la tabla correspondiente
[2024-09-01 23:25:53] [ INFO ] [BD:53] Se insertó un paciente a la tabla correspondiente
[2024-09-01 23:25:54] [ INFO ] [BD:61] Se crearon las tablas correspondientes, se cerró la conexión a la BD
[2024-09-02 00:27:21] [ INFO ] [BD:43] Se está creando la tabla pacientes
[2024-09-02 00:27:21] [ INFO ] [BD:45] Se está creando la tabla odontologos
[2024-09-02 00:27:21] [ INFO ] [BD:50] Se insertó un odontologo a la tabla correspondiente
[2024-09-02 00:27:21] [ INFO ] [BD:53] Se insertó un paciente a la tabla correspondiente
[2024-09-02 00:27:22] [ INFO ] [BD:61] Se crearon las tablas correspondientes, se cerró la conexión a la BD
[2024-09-02 00:27:34] [ INFO ] [ImplPacienteH2:68] Se inicia la consulta de todos los pacientes
[2024-09-02 00:27:34] [ INFO ] [ImplPacienteH2:82] Paciente con el id 1 agregado a la consulta
[2024-09-02 00:27:34] [ INFO ] [ImplPacienteH2:89] Consuta exitosa de todos los pacientes
[2024-09-02 00:28:01] [ INFO ] [ImplPacienteH2:104] Se inicia la consulta del paciente con id 1
[2024-09-02 00:28:01] [ INFO ] [ImplPacienteH2:125] Consulta exitosa el paciente con id: 1
