[2024-08-18 01:23:18] [ INFO ] [MedicamentoDAOH2:18] Inicia la creación(insert) de un medicine en la tabla
[2024-08-18 01:23:18] [ INFO ] [MedicamentoDAOH2:25] Conexión exitosa a la BD, se creará un nuevo registro
[2024-08-18 01:23:18] [ INFO ] [MedicamentoDAOH2:38] Ejecución correcta de la creación/inserción de un registro en la tabla
[2024-08-18 01:23:18] [ INFO ] [MedicamentoDAOH2:45] Id autoincremental asignado correctamente al registro creado, ID = 1
[2024-08-18 01:23:19] [ INFO ] [MedicamentoDAOH2:55] Creación exitosa de un nuevo registro, se cierra conexión a BD
[2024-08-18 01:23:19] [ INFO ] [MedicamentoDAOH2:72] Iniciamos la búsqueda(select) de un registro por Id
[2024-08-18 01:23:19] [ INFO ] [MedicamentoDAOH2:79] Conexión exitosa a la BD, se buscará un registro por Id
[2024-08-18 01:23:19] [ INFO ] [MedicamentoDAOH2:88] Ejecución correcta de la búsqueda de un registro por Id
[2024-08-18 01:23:19] [ INFO ] [MedicamentoDAOH2:92] Registro con el ID = 1 fue localizado en la tabla
[2024-08-18 01:23:19] [ INFO ] [MedicamentoDAOH2:105] Consulta exitosa del registro por Id, se cierra conexión a la BD
[2024-08-18 01:25:13] [ INFO ] [MedicamentoDAOH2:18] Inicia la creación(insert) de un medicine en la tabla
[2024-08-18 01:25:13] [ INFO ] [MedicamentoDAOH2:25] Conexión exitosa a la BD, se creará un nuevo registro
[2024-08-18 01:25:13] [ INFO ] [MedicamentoDAOH2:38] Ejecución correcta de la creación/inserción de un registro en la tabla
[2024-08-18 01:25:13] [ INFO ] [MedicamentoDAOH2:45] Id autoincremental asignado correctamente al registro creado, ID = 1
[2024-08-18 01:25:13] [ INFO ] [MedicamentoDAOH2:55] Creación exitosa de un nuevo registro, se cierra conexión a BD
[2024-08-18 01:25:13] [ INFO ] [MedicamentoDAOH2:72] Iniciamos la búsqueda(select) de un registro por Id
[2024-08-18 01:25:13] [ INFO ] [MedicamentoDAOH2:79] Conexión exitosa a la BD, se buscará un registro por Id
[2024-08-18 01:25:13] [ INFO ] [MedicamentoDAOH2:88] Ejecución correcta de la búsqueda de un registro por Id
[2024-08-18 01:25:13] [ INFO ] [MedicamentoDAOH2:92] Registro con el ID = 1 fue localizado en la tabla
[2024-08-18 01:25:14] [ INFO ] [MedicamentoDAOH2:105] Consulta exitosa del registro por Id, se cierra conexión a la BD
[2024-08-18 01:25:14] [ INFO ] [MedicamentoDAOH2:72] Iniciamos la búsqueda(select) de un registro por Id
[2024-08-18 01:25:14] [ INFO ] [MedicamentoDAOH2:79] Conexión exitosa a la BD, se buscará un registro por Id
[2024-08-18 01:25:14] [ INFO ] [MedicamentoDAOH2:88] Ejecución correcta de la búsqueda de un registro por Id
[2024-08-18 01:25:14] [ INFO ] [MedicamentoDAOH2:92] Registro con el ID = 1 fue localizado en la tabla
[2024-08-18 01:25:14] [ INFO ] [MedicamentoDAOH2:105] Consulta exitosa del registro por Id, se cierra conexión a la BD
[2024-08-18 01:25:14] [ INFO ] [MedicamentoDAOH2:72] Iniciamos la búsqueda(select) de un registro por Id
[2024-08-18 01:25:14] [ INFO ] [MedicamentoDAOH2:79] Conexión exitosa a la BD, se buscará un registro por Id
[2024-08-18 01:25:14] [ INFO ] [MedicamentoDAOH2:88] Ejecución correcta de la búsqueda de un registro por Id
[2024-08-18 01:25:14] [ WARN ] [MedicamentoDAOH2:95] Medicamento con el id = 2NO fue localizado en la tabla
[2024-08-18 01:25:15] [ INFO ] [MedicamentoDAOH2:105] Consulta exitosa del registro por Id, se cierra conexión a la BD
[2024-08-18 01:29:21] [ INFO ] [MedicamentoDAOH2:18] Inicia la creación(insert) de un medicine en la tabla
[2024-08-18 01:29:21] [ INFO ] [MedicamentoDAOH2:25] Conexión exitosa a la BD, se creará un nuevo registro
[2024-08-18 01:29:21] [ INFO ] [MedicamentoDAOH2:38] Ejecución correcta de la creación/inserción de un registro en la tabla
[2024-08-18 01:29:21] [ INFO ] [MedicamentoDAOH2:45] Id autoincremental asignado correctamente al registro creado, ID = 1
[2024-08-18 01:29:22] [ INFO ] [MedicamentoDAOH2:55] Creación exitosa de un nuevo registro, se cierra conexión a BD
[2024-08-18 01:29:22] [ INFO ] [MedicamentoDAOH2:72] Iniciamos la búsqueda(select) de un registro por Id
[2024-08-18 01:29:22] [ INFO ] [MedicamentoDAOH2:79] Conexión exitosa a la BD, se buscará un registro por Id
[2024-08-18 01:29:22] [ INFO ] [MedicamentoDAOH2:88] Ejecución correcta de la búsqueda de un registro por Id
[2024-08-18 01:29:22] [ INFO ] [MedicamentoDAOH2:92] Registro con el ID = 1 fue localizado en la tabla
[2024-08-18 01:29:22] [ INFO ] [MedicamentoDAOH2:105] Consulta exitosa del registro por Id, se cierra conexión a la BD
[2024-08-18 01:29:22] [ INFO ] [MedicamentoDAOH2:72] Iniciamos la búsqueda(select) de un registro por Id
[2024-08-18 01:29:22] [ INFO ] [MedicamentoDAOH2:79] Conexión exitosa a la BD, se buscará un registro por Id
[2024-08-18 01:29:22] [ INFO ] [MedicamentoDAOH2:88] Ejecución correcta de la búsqueda de un registro por Id
[2024-08-18 01:29:22] [ WARN ] [MedicamentoDAOH2:95] Medicamento con el id = 2 NO fue localizado en la tabla
[2024-08-18 01:29:22] [ INFO ] [MedicamentoDAOH2:105] Consulta exitosa del registro por Id, se cierra conexión a la BD
[2024-08-18 01:29:22] [ INFO ] [MedicamentoDAOH2:18] Inicia la creación(insert) de un medicine en la tabla
[2024-08-18 01:29:22] [ INFO ] [MedicamentoDAOH2:25] Conexión exitosa a la BD, se creará un nuevo registro
[2024-08-18 01:29:22] [ INFO ] [MedicamentoDAOH2:38] Ejecución correcta de la creación/inserción de un registro en la tabla
[2024-08-18 01:29:22] [ INFO ] [MedicamentoDAOH2:45] Id autoincremental asignado correctamente al registro creado, ID = 2
[2024-08-18 01:29:22] [ INFO ] [MedicamentoDAOH2:55] Creación exitosa de un nuevo registro, se cierra conexión a BD
[2024-08-18 01:29:22] [ INFO ] [MedicamentoDAOH2:72] Iniciamos la búsqueda(select) de un registro por Id
[2024-08-18 01:29:22] [ INFO ] [MedicamentoDAOH2:79] Conexión exitosa a la BD, se buscará un registro por Id
[2024-08-18 01:29:22] [ INFO ] [MedicamentoDAOH2:88] Ejecución correcta de la búsqueda de un registro por Id
[2024-08-18 01:29:22] [ INFO ] [MedicamentoDAOH2:92] Registro con el ID = 2 fue localizado en la tabla
[2024-08-18 01:29:22] [ INFO ] [MedicamentoDAOH2:105] Consulta exitosa del registro por Id, se cierra conexión a la BD
[2024-08-18 01:32:47] [ INFO ] [MedicamentoImplDAOH2:18] Inicia la creación(insert) de un medicine en la tabla
[2024-08-18 01:32:47] [ INFO ] [MedicamentoImplDAOH2:25] Conexión exitosa a la BD, se creará un nuevo registro
[2024-08-18 01:32:47] [ INFO ] [MedicamentoImplDAOH2:38] Ejecución correcta de la creación/inserción de un registro en la tabla
[2024-08-18 01:32:47] [ INFO ] [MedicamentoImplDAOH2:44] Id autoincremental asignado correctamente al registro creado, ID = 1
[2024-08-18 01:32:48] [ INFO ] [MedicamentoImplDAOH2:54] Creación exitosa de un nuevo registro, se cierra conexión a BD
[2024-08-18 01:32:48] [ INFO ] [MedicamentoImplDAOH2:71] Iniciamos la búsqueda(select) de un registro por Id
[2024-08-18 01:32:48] [ INFO ] [MedicamentoImplDAOH2:78] Conexión exitosa a la BD, se buscará un registro por Id
[2024-08-18 01:32:48] [ INFO ] [MedicamentoImplDAOH2:87] Ejecución correcta de la búsqueda de un registro por Id
[2024-08-18 01:32:48] [ INFO ] [MedicamentoImplDAOH2:91] Registro con el ID = 1 fue localizado en la tabla
[2024-08-18 01:32:48] [ INFO ] [MedicamentoImplDAOH2:109] Consulta exitosa del registro por Id, se cierra conexión a la BD
[2024-08-18 01:32:48] [ INFO ] [MedicamentoImplDAOH2:71] Iniciamos la búsqueda(select) de un registro por Id
[2024-08-18 01:32:48] [ INFO ] [MedicamentoImplDAOH2:78] Conexión exitosa a la BD, se buscará un registro por Id
[2024-08-18 01:32:48] [ INFO ] [MedicamentoImplDAOH2:87] Ejecución correcta de la búsqueda de un registro por Id
[2024-08-18 01:32:48] [ WARN ] [MedicamentoImplDAOH2:99] Medicamento con el id = 2 NO fue localizado en la tabla
[2024-08-18 01:32:49] [ INFO ] [MedicamentoImplDAOH2:109] Consulta exitosa del registro por Id, se cierra conexión a la BD
[2024-08-18 01:32:49] [ INFO ] [MedicamentoImplDAOH2:18] Inicia la creación(insert) de un medicine en la tabla
[2024-08-18 01:32:49] [ INFO ] [MedicamentoImplDAOH2:25] Conexión exitosa a la BD, se creará un nuevo registro
[2024-08-18 01:32:49] [ INFO ] [MedicamentoImplDAOH2:38] Ejecución correcta de la creación/inserción de un registro en la tabla
[2024-08-18 01:32:49] [ INFO ] [MedicamentoImplDAOH2:44] Id autoincremental asignado correctamente al registro creado, ID = 2
[2024-08-18 01:32:49] [ INFO ] [MedicamentoImplDAOH2:54] Creación exitosa de un nuevo registro, se cierra conexión a BD
[2024-08-18 01:32:49] [ INFO ] [MedicamentoImplDAOH2:71] Iniciamos la búsqueda(select) de un registro por Id
[2024-08-18 01:32:49] [ INFO ] [MedicamentoImplDAOH2:78] Conexión exitosa a la BD, se buscará un registro por Id
[2024-08-18 01:32:49] [ INFO ] [MedicamentoImplDAOH2:87] Ejecución correcta de la búsqueda de un registro por Id
[2024-08-18 01:32:49] [ INFO ] [MedicamentoImplDAOH2:91] Registro con el ID = 2 fue localizado en la tabla
[2024-08-18 01:32:49] [ INFO ] [MedicamentoImplDAOH2:109] Consulta exitosa del registro por Id, se cierra conexión a la BD
[2024-08-18 01:33:15] [ INFO ] [MedicamentoImplDAOH2:18] Inicia la creación(insert) de un medicine en la tabla
[2024-08-18 01:33:15] [ INFO ] [MedicamentoImplDAOH2:25] Conexión exitosa a la BD, se creará un nuevo registro
[2024-08-18 01:33:15] [ INFO ] [MedicamentoImplDAOH2:38] Ejecución correcta de la creación/inserción de un registro en la tabla
[2024-08-18 01:33:15] [ INFO ] [MedicamentoImplDAOH2:44] Id autoincremental asignado correctamente al registro creado, ID = 1
[2024-08-18 01:33:15] [ INFO ] [MedicamentoImplDAOH2:54] Creación exitosa de un nuevo registro, se cierra conexión a BD
[2024-08-18 01:33:15] [ INFO ] [MedicamentoImplDAOH2:71] Iniciamos la búsqueda(select) de un registro por Id
[2024-08-18 01:33:15] [ INFO ] [MedicamentoImplDAOH2:78] Conexión exitosa a la BD, se buscará un registro por Id
[2024-08-18 01:33:16] [ INFO ] [MedicamentoImplDAOH2:87] Ejecución correcta de la búsqueda de un registro por Id
[2024-08-18 01:33:16] [ INFO ] [MedicamentoImplDAOH2:91] Registro con el ID = 1 fue localizado en la tabla
[2024-08-18 01:33:16] [ INFO ] [MedicamentoImplDAOH2:109] Consulta exitosa del registro por Id, se cierra conexión a la BD
[2024-08-18 01:33:16] [ INFO ] [MedicamentoImplDAOH2:71] Iniciamos la búsqueda(select) de un registro por Id
[2024-08-18 01:33:16] [ INFO ] [MedicamentoImplDAOH2:78] Conexión exitosa a la BD, se buscará un registro por Id
[2024-08-18 01:33:16] [ INFO ] [MedicamentoImplDAOH2:87] Ejecución correcta de la búsqueda de un registro por Id
[2024-08-18 01:33:16] [ WARN ] [MedicamentoImplDAOH2:99] Medicamento con el id = 2 NO fue localizado en la tabla
[2024-08-18 01:33:17] [ INFO ] [MedicamentoImplDAOH2:109] Consulta exitosa del registro por Id, se cierra conexión a la BD
[2024-08-18 01:33:17] [ INFO ] [MedicamentoImplDAOH2:18] Inicia la creación(insert) de un medicine en la tabla
[2024-08-18 01:33:17] [ INFO ] [MedicamentoImplDAOH2:25] Conexión exitosa a la BD, se creará un nuevo registro
[2024-08-18 01:33:17] [ INFO ] [MedicamentoImplDAOH2:38] Ejecución correcta de la creación/inserción de un registro en la tabla
[2024-08-18 01:33:17] [ INFO ] [MedicamentoImplDAOH2:44] Id autoincremental asignado correctamente al registro creado, ID = 2
[2024-08-18 01:33:17] [ INFO ] [MedicamentoImplDAOH2:54] Creación exitosa de un nuevo registro, se cierra conexión a BD
[2024-08-18 01:33:17] [ INFO ] [MedicamentoImplDAOH2:71] Iniciamos la búsqueda(select) de un registro por Id
[2024-08-18 01:33:17] [ INFO ] [MedicamentoImplDAOH2:78] Conexión exitosa a la BD, se buscará un registro por Id
[2024-08-18 01:33:17] [ INFO ] [MedicamentoImplDAOH2:87] Ejecución correcta de la búsqueda de un registro por Id
[2024-08-18 01:33:17] [ INFO ] [MedicamentoImplDAOH2:91] Registro con el ID = 2 fue localizado en la tabla
[2024-08-18 01:33:17] [ INFO ] [MedicamentoImplDAOH2:109] Consulta exitosa del registro por Id, se cierra conexión a la BD
[2024-08-18 01:33:48] [ INFO ] [MedicamentoImplDAOH2:18] Inicia la creación(insert) de un medicine en la tabla
[2024-08-18 01:33:48] [ INFO ] [MedicamentoImplDAOH2:25] Conexión exitosa a la BD, se creará un nuevo registro
[2024-08-18 01:33:48] [ INFO ] [MedicamentoImplDAOH2:38] Ejecución correcta de la creación/inserción de un registro en la tabla
[2024-08-18 01:33:48] [ INFO ] [MedicamentoImplDAOH2:44] Id autoincremental asignado correctamente al registro creado, ID = 1
[2024-08-18 01:33:48] [ INFO ] [MedicamentoImplDAOH2:54] Creación exitosa de un nuevo registro, se cierra conexión a BD
[2024-08-18 01:33:48] [ INFO ] [MedicamentoImplDAOH2:71] Iniciamos la búsqueda(select) de un registro por Id
[2024-08-18 01:33:48] [ INFO ] [MedicamentoImplDAOH2:78] Conexión exitosa a la BD, se buscará un registro por Id
[2024-08-18 01:33:48] [ INFO ] [MedicamentoImplDAOH2:87] Ejecución correcta de la búsqueda de un registro por Id
[2024-08-18 01:33:48] [ INFO ] [MedicamentoImplDAOH2:91] Registro con el ID = 1 fue localizado en la tabla
[2024-08-18 01:33:48] [ INFO ] [MedicamentoImplDAOH2:110] Consulta exitosa del registro por Id, se cierra conexión a la BD
[2024-08-18 01:33:48] [ INFO ] [MedicamentoImplDAOH2:71] Iniciamos la búsqueda(select) de un registro por Id
[2024-08-18 01:33:48] [ INFO ] [MedicamentoImplDAOH2:78] Conexión exitosa a la BD, se buscará un registro por Id
[2024-08-18 01:33:48] [ INFO ] [MedicamentoImplDAOH2:87] Ejecución correcta de la búsqueda de un registro por Id
[2024-08-18 01:33:48] [ WARN ] [MedicamentoImplDAOH2:100] Medicamento con el id = 2 NO fue localizado en la tabla
[2024-08-18 01:33:49] [ INFO ] [MedicamentoImplDAOH2:110] Consulta exitosa del registro por Id, se cierra conexión a la BD
[2024-08-18 01:33:49] [ INFO ] [MedicamentoImplDAOH2:18] Inicia la creación(insert) de un medicine en la tabla
[2024-08-18 01:33:49] [ INFO ] [MedicamentoImplDAOH2:25] Conexión exitosa a la BD, se creará un nuevo registro
[2024-08-18 01:33:49] [ INFO ] [MedicamentoImplDAOH2:38] Ejecución correcta de la creación/inserción de un registro en la tabla
[2024-08-18 01:33:49] [ INFO ] [MedicamentoImplDAOH2:44] Id autoincremental asignado correctamente al registro creado, ID = 2
[2024-08-18 01:33:49] [ INFO ] [MedicamentoImplDAOH2:54] Creación exitosa de un nuevo registro, se cierra conexión a BD
[2024-08-18 01:33:49] [ INFO ] [MedicamentoImplDAOH2:71] Iniciamos la búsqueda(select) de un registro por Id
[2024-08-18 01:33:49] [ INFO ] [MedicamentoImplDAOH2:78] Conexión exitosa a la BD, se buscará un registro por Id
[2024-08-18 01:33:49] [ INFO ] [MedicamentoImplDAOH2:87] Ejecución correcta de la búsqueda de un registro por Id
[2024-08-18 01:33:49] [ INFO ] [MedicamentoImplDAOH2:91] Registro con el ID = 2 fue localizado en la tabla
[2024-08-18 01:33:50] [ INFO ] [MedicamentoImplDAOH2:110] Consulta exitosa del registro por Id, se cierra conexión a la BD
[2024-08-18 01:34:06] [ INFO ] [MedicamentoImplDAOH2:18] Inicia la creación(insert) de un medicine en la tabla
[2024-08-18 01:34:06] [ INFO ] [MedicamentoImplDAOH2:25] Conexión exitosa a la BD, se creará un nuevo registro
[2024-08-18 01:34:06] [ INFO ] [MedicamentoImplDAOH2:38] Ejecución correcta de la creación/inserción de un registro en la tabla
[2024-08-18 01:34:06] [ INFO ] [MedicamentoImplDAOH2:44] Id autoincremental asignado correctamente al registro creado, ID = 1
[2024-08-18 01:34:06] [ INFO ] [MedicamentoImplDAOH2:54] Creación exitosa de un nuevo registro, se cierra conexión a BD
[2024-08-18 01:34:06] [ INFO ] [MedicamentoImplDAOH2:71] Iniciamos la búsqueda(select) de un registro por Id
[2024-08-18 01:34:06] [ INFO ] [MedicamentoImplDAOH2:78] Conexión exitosa a la BD, se buscará un registro por Id
[2024-08-18 01:34:06] [ INFO ] [MedicamentoImplDAOH2:87] Ejecución correcta de la búsqueda de un registro por Id
[2024-08-18 01:34:06] [ INFO ] [MedicamentoImplDAOH2:91] Registro con el ID = 1 fue localizado en la tabla
[2024-08-18 01:34:06] [ INFO ] [MedicamentoImplDAOH2:110] Consulta exitosa del registro por Id, se cierra conexión a la BD
[2024-08-18 01:34:06] [ INFO ] [MedicamentoImplDAOH2:71] Iniciamos la búsqueda(select) de un registro por Id
[2024-08-18 01:34:06] [ INFO ] [MedicamentoImplDAOH2:78] Conexión exitosa a la BD, se buscará un registro por Id
[2024-08-18 01:34:06] [ INFO ] [MedicamentoImplDAOH2:87] Ejecución correcta de la búsqueda de un registro por Id
[2024-08-18 01:34:06] [ WARN ] [MedicamentoImplDAOH2:100] Medicamento con el id = 2 NO fue localizado en la tabla
[2024-08-18 01:34:07] [ INFO ] [MedicamentoImplDAOH2:110] Consulta exitosa del registro por Id, se cierra conexión a la BD
[2024-08-18 01:34:07] [ INFO ] [MedicamentoImplDAOH2:18] Inicia la creación(insert) de un medicine en la tabla
[2024-08-18 01:34:07] [ INFO ] [MedicamentoImplDAOH2:25] Conexión exitosa a la BD, se creará un nuevo registro
[2024-08-18 01:34:07] [ INFO ] [MedicamentoImplDAOH2:38] Ejecución correcta de la creación/inserción de un registro en la tabla
[2024-08-18 01:34:07] [ INFO ] [MedicamentoImplDAOH2:44] Id autoincremental asignado correctamente al registro creado, ID = 2
[2024-08-18 01:34:07] [ INFO ] [MedicamentoImplDAOH2:54] Creación exitosa de un nuevo registro, se cierra conexión a BD
[2024-08-18 01:34:07] [ INFO ] [MedicamentoImplDAOH2:71] Iniciamos la búsqueda(select) de un registro por Id
[2024-08-18 01:34:07] [ INFO ] [MedicamentoImplDAOH2:78] Conexión exitosa a la BD, se buscará un registro por Id
[2024-08-18 01:34:07] [ INFO ] [MedicamentoImplDAOH2:87] Ejecución correcta de la búsqueda de un registro por Id
[2024-08-18 01:34:07] [ INFO ] [MedicamentoImplDAOH2:91] Registro con el ID = 2 fue localizado en la tabla
[2024-08-18 01:34:07] [ INFO ] [MedicamentoImplDAOH2:110] Consulta exitosa del registro por Id, se cierra conexión a la BD
[2024-08-18 01:34:38] [ INFO ] [MedicamentoImplDAOH2:18] Inicia la creación(insert) de un medicine en la tabla
[2024-08-18 01:34:38] [ INFO ] [MedicamentoImplDAOH2:25] Conexión exitosa a la BD, se creará un nuevo registro
[2024-08-18 01:34:38] [ INFO ] [MedicamentoImplDAOH2:38] Ejecución correcta de la creación/inserción de un registro en la tabla
[2024-08-18 01:34:38] [ INFO ] [MedicamentoImplDAOH2:44] Id autoincremental asignado correctamente al registro creado, ID = 1
[2024-08-18 01:34:38] [ INFO ] [MedicamentoImplDAOH2:54] Creación exitosa de un nuevo registro, se cierra conexión a BD
[2024-08-18 01:34:38] [ INFO ] [MedicamentoImplDAOH2:71] Iniciamos la búsqueda(select) de un registro por Id
[2024-08-18 01:34:38] [ INFO ] [MedicamentoImplDAOH2:78] Conexión exitosa a la BD, se buscará un registro por Id
[2024-08-18 01:34:39] [ INFO ] [MedicamentoImplDAOH2:87] Ejecución correcta de la búsqueda de un registro por Id
[2024-08-18 01:34:39] [ INFO ] [MedicamentoImplDAOH2:91] Registro con el ID = 1 fue localizado en la tabla
[2024-08-18 01:34:39] [ INFO ] [MedicamentoImplDAOH2:110] Consulta exitosa del registro por Id, se cierra conexión a la BD
[2024-08-18 01:34:39] [ INFO ] [MedicamentoImplDAOH2:71] Iniciamos la búsqueda(select) de un registro por Id
[2024-08-18 01:34:39] [ INFO ] [MedicamentoImplDAOH2:78] Conexión exitosa a la BD, se buscará un registro por Id
[2024-08-18 01:34:39] [ INFO ] [MedicamentoImplDAOH2:87] Ejecución correcta de la búsqueda de un registro por Id
[2024-08-18 01:34:39] [ WARN ] [MedicamentoImplDAOH2:100] Medicamento con el id = 2 NO fue localizado en la tabla
[2024-08-18 01:34:39] [ INFO ] [MedicamentoImplDAOH2:110] Consulta exitosa del registro por Id, se cierra conexión a la BD
[2024-08-18 01:34:39] [ INFO ] [MedicamentoImplDAOH2:18] Inicia la creación(insert) de un medicine en la tabla
[2024-08-18 01:34:39] [ INFO ] [MedicamentoImplDAOH2:25] Conexión exitosa a la BD, se creará un nuevo registro
[2024-08-18 01:34:39] [ INFO ] [MedicamentoImplDAOH2:38] Ejecución correcta de la creación/inserción de un registro en la tabla
[2024-08-18 01:34:39] [ INFO ] [MedicamentoImplDAOH2:44] Id autoincremental asignado correctamente al registro creado, ID = 2
[2024-08-18 01:34:40] [ INFO ] [MedicamentoImplDAOH2:54] Creación exitosa de un nuevo registro, se cierra conexión a BD
[2024-08-18 01:34:40] [ INFO ] [MedicamentoImplDAOH2:71] Iniciamos la búsqueda(select) de un registro por Id
[2024-08-18 01:34:40] [ INFO ] [MedicamentoImplDAOH2:78] Conexión exitosa a la BD, se buscará un registro por Id
[2024-08-18 01:34:40] [ INFO ] [MedicamentoImplDAOH2:87] Ejecución correcta de la búsqueda de un registro por Id
[2024-08-18 01:34:40] [ INFO ] [MedicamentoImplDAOH2:91] Registro con el ID = 2 fue localizado en la tabla
[2024-08-18 01:34:40] [ INFO ] [MedicamentoImplDAOH2:110] Consulta exitosa del registro por Id, se cierra conexión a la BD
[2024-08-18 01:34:54] [ INFO ] [MedicamentoImplDAOH2:18] Inicia la creación(insert) de un medicine en la tabla
[2024-08-18 01:34:54] [ INFO ] [MedicamentoImplDAOH2:25] Conexión exitosa a la BD, se creará un nuevo registro
[2024-08-18 01:34:54] [ INFO ] [MedicamentoImplDAOH2:38] Ejecución correcta de la creación/inserción de un registro en la tabla
[2024-08-18 01:34:54] [ INFO ] [MedicamentoImplDAOH2:44] Id autoincremental asignado correctamente al registro creado, ID = 1
[2024-08-18 01:34:54] [ INFO ] [MedicamentoImplDAOH2:54] Creación exitosa de un nuevo registro, se cierra conexión a BD
[2024-08-18 01:34:54] [ INFO ] [MedicamentoImplDAOH2:71] Iniciamos la búsqueda(select) de un registro por Id
[2024-08-18 01:34:54] [ INFO ] [MedicamentoImplDAOH2:78] Conexión exitosa a la BD, se buscará un registro por Id
[2024-08-18 01:34:54] [ INFO ] [MedicamentoImplDAOH2:87] Ejecución correcta de la búsqueda de un registro por Id
[2024-08-18 01:34:54] [ INFO ] [MedicamentoImplDAOH2:91] Registro con el ID = 1 fue localizado en la tabla
[2024-08-18 01:34:55] [ INFO ] [MedicamentoImplDAOH2:110] Consulta exitosa del registro por Id, se cierra conexión a la BD
[2024-08-18 01:34:55] [ INFO ] [MedicamentoImplDAOH2:71] Iniciamos la búsqueda(select) de un registro por Id
[2024-08-18 01:34:55] [ INFO ] [MedicamentoImplDAOH2:78] Conexión exitosa a la BD, se buscará un registro por Id
[2024-08-18 01:34:55] [ INFO ] [MedicamentoImplDAOH2:87] Ejecución correcta de la búsqueda de un registro por Id
[2024-08-18 01:34:55] [ WARN ] [MedicamentoImplDAOH2:100] Medicamento con el id = 2 NO fue localizado en la tabla
[2024-08-18 01:34:55] [ INFO ] [MedicamentoImplDAOH2:110] Consulta exitosa del registro por Id, se cierra conexión a la BD
[2024-08-18 01:34:55] [ INFO ] [MedicamentoImplDAOH2:18] Inicia la creación(insert) de un medicine en la tabla
[2024-08-18 01:34:55] [ INFO ] [MedicamentoImplDAOH2:25] Conexión exitosa a la BD, se creará un nuevo registro
[2024-08-18 01:34:55] [ INFO ] [MedicamentoImplDAOH2:38] Ejecución correcta de la creación/inserción de un registro en la tabla
[2024-08-18 01:34:55] [ INFO ] [MedicamentoImplDAOH2:44] Id autoincremental asignado correctamente al registro creado, ID = 2
[2024-08-18 01:34:56] [ INFO ] [MedicamentoImplDAOH2:54] Creación exitosa de un nuevo registro, se cierra conexión a BD
[2024-08-18 01:34:56] [ INFO ] [MedicamentoImplDAOH2:71] Iniciamos la búsqueda(select) de un registro por Id
[2024-08-18 01:34:56] [ INFO ] [MedicamentoImplDAOH2:78] Conexión exitosa a la BD, se buscará un registro por Id
[2024-08-18 01:34:56] [ INFO ] [MedicamentoImplDAOH2:87] Ejecución correcta de la búsqueda de un registro por Id
[2024-08-18 01:34:56] [ INFO ] [MedicamentoImplDAOH2:91] Registro con el ID = 2 fue localizado en la tabla
[2024-08-18 01:34:56] [ INFO ] [MedicamentoImplDAOH2:110] Consulta exitosa del registro por Id, se cierra conexión a la BD
